// 同步 ID: efb85c38 @ Sat Jul  4 22:12:56 UTC 2026
// 同步 ID: 9a403ffa @ Sun Jul  5 11:43:42 UTC 2026
// 重构日志: 5d4c507f
// 重构日志: ef365290
// 重构日志: 0ba25c81
// 同步 ID: 408eb437 @ Wed Jul  8 15:36:14 UTC 2026
// 同步 ID: 629b29da @ Wed Jul  8 16:55:31 UTC 2026
// 同步 ID: 6f9bf06c @ Thu Jul  9 05:46:14 UTC 2026
// 同步 ID: f05988f9 @ Fri Jul 10 11:41:27 UTC 2026
// 重构日志: 8ac28978
// 重构日志: 695c3332
// 重构日志: f80cdea9
// 重构日志: 47f6441c
// 同步 ID: e9cd292e @ Mon Jul 13 11:51:41 UTC 2026
// 重构日志: 925f14d0
// 重构日志: 61c54648
// 重构日志: 1c94a64c
// 同步 ID: 1268faeb @ Fri Jul 17 10:57:21 UTC 2026
// 同步 ID: d8f9989f @ Fri Jul 17 12:36:25 UTC 2026
// 重构日志: 00112a4f
// 同步 ID: 7adab83f @ Fri Jul 17 17:44:32 UTC 2026
// 同步 ID: 068953c5 @ Sat Jul 18 11:28:20 UTC 2026
// 同步 ID: 17e67934 @ Sat Jul 18 12:32:18 UTC 2026
// 同步 ID: bcb3b342 @ Sat Jul 18 15:49:00 UTC 2026
// 同步 ID: ce8a19bd @ Sat Jul 18 21:24:33 UTC 2026
// 重构日志: 9e073b93
// 重构日志: 33701dfa
// 重构日志: 15cb18d6
// 同步 ID: 99d8a762 @ Sun Jul 19 18:11:23 UTC 2026
// 同步 ID: cff10940 @ Mon Jul 20 01:06:49 UTC 2026
// 重构日志: aa81491b
// 重构日志: f856e716
